11:54:06 **** Incremental Build of configuration Debug for project reverse-linked-list ****
make all 
Building file: ../src/reverse-linked-list.cpp
Invoking: GCC C++ Compiler
g++ -O0 -g3 -Wall -c -fmessage-length=0 -MMD -MP -MF"src/reverse-linked-list.d" -MT"src/reverse-linked-list.o" -o "src/reverse-linked-list.o" "../src/reverse-linked-list.cpp"
Finished building: ../src/reverse-linked-list.cpp
 
Building target: reverse-linked-list
Invoking: GCC C++ Linker
g++  -o "reverse-linked-list"  ./src/Stack.o ./src/reverse-linked-list.o   
Finished building target: reverse-linked-list
 
11:54:10 **** Incremental Build of configuration Debug for project reverse-linked-list ****
make all 
make: Nothing to be done for 'all'.
11:55:21 **** Incremental Build of configuration Debug for project reverse-linked-list ****
make all 
Building file: ../src/reverse-linked-list.cpp
Invoking: GCC C++ Compiler
g++ -O0 -g3 -Wall -c -fmessage-length=0 -MMD -MP -MF"src/reverse-linked-list.d" -MT"src/reverse-linked-list.o" -o "src/reverse-linked-list.o" "../src/reverse-linked-list.cpp"
Finished building: ../src/reverse-linked-list.cpp
 
Building target: reverse-linked-list
Invoking: GCC C++ Linker
g++  -o "reverse-linked-list"  ./src/Stack.o ./src/reverse-linked-list.o   
Finished building target: reverse-linked-list
 
11:55:47 **** Incremental Build of configuration Debug for project reverse-linked-list ****
make all 
Building file: ../src/reverse-linked-list.cpp
Invoking: GCC C++ Compiler
g++ -O0 -g3 -Wall -c -fmessage-length=0 -MMD -MP -MF"src/reverse-linked-list.d" -MT"src/reverse-linked-list.o" -o "src/reverse-linked-list.o" "../src/reverse-linked-list.cpp"
Finished building: ../src/reverse-linked-list.cpp
 
Building target: reverse-linked-list
Invoking: GCC C++ Linker
g++  -o "reverse-linked-list"  ./src/Stack.o ./src/reverse-linked-list.o   
Finished building target: reverse-linked-list
 
11:56:22 **** Incremental Build of configuration Debug for project reverse-linked-list ****
make all 
Building file: ../src/reverse-linked-list.cpp
Invoking: GCC C++ Compiler
g++ -O0 -g3 -Wall -c -fmessage-length=0 -MMD -MP -MF"src/reverse-linked-list.d" -MT"src/reverse-linked-list.o" -o "src/reverse-linked-list.o" "../src/reverse-linked-list.cpp"
Finished building: ../src/reverse-linked-list.cpp
 
Building target: reverse-linked-list
Invoking: GCC C++ Linker
g++  -o "reverse-linked-list"  ./src/Stack.o ./src/reverse-linked-list.o   
Finished building target: reverse-linked-list
 
11:57:36 **** Incremental Build of configuration Debug for project reverse-linked-list ****
make all 
Building file: ../src/reverse-linked-list.cpp
Invoking: GCC C++ Compiler
g++ -O0 -g3 -Wall -c -fmessage-length=0 -MMD -MP -MF"src/reverse-linked-list.d" -MT"src/reverse-linked-list.o" -o "src/reverse-linked-list.o" "../src/reverse-linked-list.cpp"
Finished building: ../src/reverse-linked-list.cpp
 
Building target: reverse-linked-list
Invoking: GCC C++ Linker
g++  -o "reverse-linked-list"  ./src/Stack.o ./src/reverse-linked-list.o   
Finished building target: reverse-linked-list
 
11:57:49 **** Incremental Build of configuration Debug for project reverse-linked-list ****
make all 
Building file: ../src/reverse-linked-list.cpp
Invoking: GCC C++ Compiler
g++ -O0 -g3 -Wall -c -fmessage-length=0 -MMD -MP -MF"src/reverse-linked-list.d" -MT"src/reverse-linked-list.o" -o "src/reverse-linked-list.o" "../src/reverse-linked-list.cpp"
Finished building: ../src/reverse-linked-list.cpp
 
Building target: reverse-linked-list
Invoking: GCC C++ Linker
g++  -o "reverse-linked-list"  ./src/Stack.o ./src/reverse-linked-list.o   
Finished building target: reverse-linked-list
 
11:58:29 **** Incremental Build of configuration Debug for project reverse-linked-list ****
make all 
Building file: ../src/reverse-linked-list.cpp
Invoking: GCC C++ Compiler
g++ -O0 -g3 -Wall -c -fmessage-length=0 -MMD -MP -MF"src/reverse-linked-list.d" -MT"src/reverse-linked-list.o" -o "src/reverse-linked-list.o" "../src/reverse-linked-list.cpp"
Finished building: ../src/reverse-linked-list.cpp
 
Building target: reverse-linked-list
Invoking: GCC C++ Linker
g++  -o "reverse-linked-list"  ./src/Stack.o ./src/reverse-linked-list.o   
Finished building target: reverse-linked-list
 
11:58:52 **** Incremental Build of configuration Debug for project reverse-linked-list ****
make all 
make: Nothing to be done for 'all'.
12:01:08 **** Incremental Build of configuration Debug for project reverse-linked-list ****
make all 
Building file: ../src/reverse-linked-list.cpp
Invoking: GCC C++ Compiler
g++ -O0 -g3 -Wall -c -fmessage-length=0 -MMD -MP -MF"src/reverse-linked-list.d" -MT"src/reverse-linked-list.o" -o "src/reverse-linked-list.o" "../src/reverse-linked-list.cpp"
Finished building: ../src/reverse-linked-list.cpp
 
Building target: reverse-linked-list
Invoking: GCC C++ Linker
g++  -o "reverse-linked-list"  ./src/Stack.o ./src/reverse-linked-list.o   
Finished building target: reverse-linked-list
 
12:01:41 **** Incremental Build of configuration Debug for project reverse-linked-list ****
make all 
Building file: ../src/reverse-linked-list.cpp
Invoking: GCC C++ Compiler
g++ -O0 -g3 -Wall -c -fmessage-length=0 -MMD -MP -MF"src/reverse-linked-list.d" -MT"src/reverse-linked-list.o" -o "src/reverse-linked-list.o" "../src/reverse-linked-list.cpp"
Finished building: ../src/reverse-linked-list.cpp
 
Building target: reverse-linked-list
Invoking: GCC C++ Linker
g++  -o "reverse-linked-list"  ./src/Stack.o ./src/reverse-linked-list.o   
Finished building target: reverse-linked-list
 
12:02:04 **** Incremental Build of configuration Debug for project reverse-linked-list ****
make all 
Building file: ../src/reverse-linked-list.cpp
Invoking: GCC C++ Compiler
g++ -O0 -g3 -Wall -c -fmessage-length=0 -MMD -MP -MF"src/reverse-linked-list.d" -MT"src/reverse-linked-list.o" -o "src/reverse-linked-list.o" "../src/reverse-linked-list.cpp"
Finished building: ../src/reverse-linked-list.cpp
 
Building target: reverse-linked-list
Invoking: GCC C++ Linker
g++  -o "reverse-linked-list"  ./src/Stack.o ./src/reverse-linked-list.o   
Finished building target: reverse-linked-list
 
12:03:13 **** Incremental Build of configuration Debug for project reverse-linked-list ****
make all 
Building file: ../src/reverse-linked-list.cpp
Invoking: GCC C++ Compiler
g++ -O0 -g3 -Wall -c -fmessage-length=0 -MMD -MP -MF"src/reverse-linked-list.d" -MT"src/reverse-linked-list.o" -o "src/reverse-linked-list.o" "../src/reverse-linked-list.cpp"
../src/reverse-linked-list.cpp: In member function ‘void Expression::topostfix()’:
../src/reverse-linked-list.cpp:81:9: warning: unused variable ‘i’ [-Wunused-variable]
     int i=0;
         ^
Finished building: ../src/reverse-linked-list.cpp
 
Building target: reverse-linked-list
Invoking: GCC C++ Linker
g++  -o "reverse-linked-list"  ./src/Stack.o ./src/reverse-linked-list.o   
Finished building target: reverse-linked-list
 
12:03:35 **** Incremental Build of configuration Debug for project reverse-linked-list ****
make all 
Building file: ../src/reverse-linked-list.cpp
Invoking: GCC C++ Compiler
g++ -O0 -g3 -Wall -c -fmessage-length=0 -MMD -MP -MF"src/reverse-linked-list.d" -MT"src/reverse-linked-list.o" -o "src/reverse-linked-list.o" "../src/reverse-linked-list.cpp"
../src/reverse-linked-list.cpp: In member function ‘void Expression::topostfix()’:
../src/reverse-linked-list.cpp:81:9: warning: unused variable ‘i’ [-Wunused-variable]
     int i=0;
         ^
Finished building: ../src/reverse-linked-list.cpp
 
Building target: reverse-linked-list
Invoking: GCC C++ Linker
g++  -o "reverse-linked-list"  ./src/Stack.o ./src/reverse-linked-list.o   
Finished building target: reverse-linked-list
 
